<?xml version="1.0" encoding="UTF-8"?>
<!-- Generated by org.testng.reporters.JUnitReportReporter -->
<testsuite skipped="0" hostname="DESKTOP-R51096T" name="org.newproject.mavenpro.Nykaa_ownproject" tests="11" failures="0" timestamp="2023-05-22T19:40:08 IST" time="38.911" errors="0">
  <testcase name="browserlaunch" time="3.988" classname="org.newproject.mavenpro.Nykaa_ownproject"/>
  <system-out/>
  <testcase name="Homepage" time="0.971" classname="org.newproject.mavenpro.Nykaa_ownproject"/>
  <system-out/>
  <testcase name="selectproduct" time="0.794" classname="org.newproject.mavenpro.Nykaa_ownproject"/>
  <system-out/>
  <testcase name="pincode" time="1.570" classname="org.newproject.mavenpro.Nykaa_ownproject"/>
  <system-out/>
  <testcase name="addToCart" time="0.090" classname="org.newproject.mavenpro.Nykaa_ownproject"/>
  <system-out/>
  <testcase name="cartpage" time="3.134" classname="org.newproject.mavenpro.Nykaa_ownproject"/>
  <system-out/>
  <testcase name="login" time="2.188" classname="org.newproject.mavenpro.Nykaa_ownproject"/>
  <system-out/>
  <testcase name="otp" time="15.825" classname="org.newproject.mavenpro.Nykaa_ownproject"/>
  <system-out/>
  <testcase name="address" time="10.140" classname="org.newproject.mavenpro.Nykaa_ownproject"/>
  <system-out/>
  <testcase name="screenshot" time="0.181" classname="org.newproject.mavenpro.Nykaa_ownproject"/>
  <system-out/>
  <testcase name="backToHome" time="0.030" classname="org.newproject.mavenpro.Nykaa_ownproject"/>
  <system-out/>
</testsuite> <!-- org.newproject.mavenpro.Nykaa_ownproject -->
